<?xml version="1.0" encoding="UTF-8" ?>
<testsuite errors="0" failures="0" hostname="ADMINIB-ILT0EAD" name="com.ibm.uttamtest.servicetest.FirstJunitTest" skipped="0" tests="1" time="0.163" timestamp="2017-04-26T16:58:03">
  <properties>
[...]
</properties>
  <testcase classname="com.ibm.uttamtest.servicetest.FirstJunitTest" name="testPrintMessage" time="0.001" />
  <system-out><![CDATA[message....My first junit test
test success
]]></system-out>
  <system-err><![CDATA[]]></system-err>
</testsuite>
